This is pdfTeX, Version 3.14159265-2.6-1.40.17 (TeX Live 2016) (preloaded format=pdflatex 2016.11.7)  2 JUN 2017 16:40
entering extended mode
 restricted \write18 enabled.
 %&-line parsing enabled.
**/Users/me/Dropbox/configs/emacs/emacs-mj.el
(/Users/me/Dropbox/configs/emacs/emacs-mj.el
LaTeX2e <2016/03/31> patch level 3
Babel <3.9r> and hyphenation patterns for 83 language(s) loaded.

! LaTeX Error: Missing \begin{document}.

See the LaTeX manual or LaTeX Companion for explanation.
Type  H <return>  for immediate help.
 ...                                              
                                                  
l.1 ;
     ;(setq debug-on-error t)
? 
! Emergency stop.
 ...                                              
                                                  
l.1 ;
     ;(setq debug-on-error t)
You're in trouble here.  Try typing  <return>  to proceed.
If that doesn't work, type  X <return>  to quit.

 
Here is how much of TeX's memory you used:
 8 strings out of 493013
 359 string characters out of 6133343
 53632 words of memory out of 5000000
 3649 multiletter control sequences out of 15000+600000
 3640 words of font info for 14 fonts, out of 8000000 for 9000
 1141 hyphenation exceptions out of 8191
 5i,0n,4p,71b,14s stack positions out of 5000i,500n,10000p,200000b,80000s
!  ==> Fatal error occurred, no output PDF file produced!
